2025-03-07 22:35:03,781 - INFO - Selecting file...
2025-03-07 22:35:05,816 - INFO - Selected: carPark.mp4
2025-03-07 22:35:05,891 - INFO - Video source ready. Setup parking spaces or start detection.
2025-03-07 22:35:09,622 - INFO - Auto-detecting parking spaces...
2025-03-07 22:35:18,244 - INFO - Auto-detecting parking spaces...
2025-03-07 22:35:18,429 - INFO - Auto-detecting parking spaces...
2025-03-07 22:35:19,628 - INFO - Setting up parking spaces...
2025-03-07 22:35:21,944 - INFO - Setting up parking spaces...
2025-03-07 22:35:22,157 - INFO - Setting up parking spaces...
2025-03-07 22:35:22,412 - INFO - Setting up parking spaces...
2025-03-07 22:35:22,636 - INFO - Setting up parking spaces...
2025-03-07 22:35:22,906 - INFO - Setting up parking spaces...
2025-03-07 22:35:27,728 - INFO - Setting up parking spaces...
2025-03-07 22:35:29,189 - INFO - Setting up parking spaces...
2025-03-07 22:35:29,367 - INFO - Setting up parking spaces...
2025-03-07 22:37:32,184 - INFO - Selecting file...
2025-03-07 22:37:36,817 - INFO - Selected: carPark.mp4
2025-03-07 22:37:36,868 - INFO - Video source ready. Setup parking spaces or start detection.
2025-03-07 22:37:38,488 - INFO - Setting up parking spaces...
2025-03-07 22:37:52,920 - INFO - Setting up parking spaces...
2025-03-07 22:37:54,291 - INFO - Auto-detecting parking spaces...
